<?xml version="1.0" encoding="UTF-8"?>
<testng-results skipped="0" failed="0" total="1" passed="1">
  <reporter-output>
  </reporter-output>
  <suite name="Default suite" duration-ms="8241" started-at="2017-10-30T20:36:00Z" finished-at="2017-10-30T20:36:08Z">
    <groups>
    </groups>
    <test name="Default test" duration-ms="8241" started-at="2017-10-30T20:36:00Z" finished-at="2017-10-30T20:36:08Z">
      <class name="mavengitjenkins.test">
        <test-method status="PASS" signature="login()[pri:0, instance:mavengitjenkins.test@c3fd8b]" name="login" duration-ms="8225" started-at="2017-10-31T02:06:00Z" finished-at="2017-10-31T02:06:08Z">
          <reporter-output>
          </reporter-output>
        </test-method> <!-- login -->
      </class> <!-- mavengitjenkins.test -->
    </test> <!-- Default test -->
  </suite> <!-- Default suite -->
</testng-results>
